<testsuite errors="0" failures="0" name="Django Project Tests" skips="0" tests="13" time="5.042"><testcase classname="backend.apps.core_sample.tests.Account_APITestCase" name="test_login__error__not_correct_credentials" time="0.676004" /><testcase classname="backend.apps.core_sample.tests.Account_APITestCase" name="test_login__error__without_credentials" time="0.179995" /><testcase classname="backend.apps.core_sample.tests.Account_APITestCase" name="test_login__success" time="0.371001" /><testcase classname="backend.apps.core_sample.tests.Account_APITestCase" name="test_logout__error__without_token" time="0.161998" /><testcase classname="backend.apps.core_sample.tests.Account_APITestCase" name="test_logout__success" time="0.206999" /><testcase classname="backend.apps.core_sample.tests.Delete_APITestCase" name="test_error__not_author" time="0.738999" /><testcase classname="backend.apps.core_sample.tests.Delete_APITestCase" name="test_error__not_authorization" time="0.187001" /><testcase classname="backend.apps.core_sample.tests.Delete_APITestCase" name="test_error__not_valid_csId" time="0.174001" /><testcase classname="backend.apps.core_sample.tests.Delete_APITestCase" name="test_success" time="0.693001" /><testcase classname="backend.apps.core_sample.tests.Upload_APITestCase" name="test_conflict" time="0.745001" /><testcase classname="backend.apps.core_sample.tests.Upload_APITestCase" name="test_error__not_authorization" time="0.213995" /><testcase classname="backend.apps.core_sample.tests.Upload_APITestCase" name="test_error__without_archive" time="0.195008" /><testcase classname="backend.apps.core_sample.tests.Upload_APITestCase" name="test_success" time="0.472999" /></testsuite>